<?xml version="1.0" encoding="UTF-8"?>
<!-- Generated by org.testng.reporters.JUnitReportReporter -->
<testsuite skipped="0" hostname="kanishk3164908" name="tests.HelpPageTest" tests="4" failures="0" timestamp="05 Jul 2021 05:45:39 GMT" time="51.237" errors="0">
  <testcase name="WhenuserClicks_New_Bus_booking_help" time="13.907" classname="tests.HelpPageTest"/>
  <testcase name="WhenuserClicks_Covid19_travel_Advisory" time="12.749" classname="tests.HelpPageTest"/>
  <testcase name="WhenuserClicks_Technical_Issue_Option" time="11.735" classname="tests.HelpPageTest"/>
  <testcase name="WhenuserClicks_safety_Feature" time="12.846" classname="tests.HelpPageTest"/>
</testsuite> <!-- tests.HelpPageTest -->
