<?xml version="1.0" encoding="UTF-8"?>
<!-- Generated by org.testng.reporters.JUnitReportReporter -->
<testsuite skipped="0" hostname="kanishk3164908" name="tests.AboutRedBusTest" tests="5" failures="0" timestamp="05 Jul 2021 05:52:12 GMT" time="55.469" errors="0">
  <testcase name="whenUserClicksOnAboutUs" time="11.599" classname="tests.AboutRedBusTest"/>
  <testcase name="whenUserClicksOnredbusMobile" time="10.576" classname="tests.AboutRedBusTest"/>
  <testcase name="whenUserClicksOnContactUs" time="11.426" classname="tests.AboutRedBusTest"/>
  <testcase name="whenUserClicksOnSitemap" time="11.396" classname="tests.AboutRedBusTest"/>
  <testcase name="whenUserClicksOnOffers" time="10.472" classname="tests.AboutRedBusTest"/>
</testsuite> <!-- tests.AboutRedBusTest -->
