<?xml version="1.0" encoding="UTF-8"?>
<!-- Generated by org.testng.reporters.JUnitReportReporter -->
<testsuite skipped="0" hostname="kanishk3164908" name="tests.SocialMediaHandleTest" tests="2" failures="0" timestamp="30 Jun 2021 06:32:07 GMT" time="30.865" errors="0">
  <testcase name="userClicksFacebookIcon" time="17.180" classname="tests.SocialMediaHandleTest"/>
  <testcase name="userClicksTwitterIcon" time="13.685" classname="tests.SocialMediaHandleTest"/>
</testsuite> <!-- tests.SocialMediaHandleTest -->
