<?xml version="1.0" encoding="UTF-8"?>
<!-- Generated by org.testng.reporters.JUnitReportReporter -->
<testsuite skipped="0" hostname="kanishk3164908" name="tests.SearchBusTest" tests="4" failures="0" timestamp="05 Jul 2021 05:52:12 GMT" time="82.624" errors="0">
  <testcase name="validSourceInvalidDestination" time="27.996" classname="tests.SearchBusTest"/>
  <testcase name="InvalidSourceInvalidDestination" time="10.146" classname="tests.SearchBusTest"/>
  <testcase name="validSourceValidDestination" time="34.281" classname="tests.SearchBusTest"/>
  <testcase name="InvalidSourceValidDestination" time="10.201" classname="tests.SearchBusTest"/>
</testsuite> <!-- tests.SearchBusTest -->
