<?xml version="1.0" encoding="UTF-8"?>
<!-- Generated by org.testng.reporters.JUnitReportReporter -->
<testsuite hostname="kanishk3164908" failures="0" tests="1" name="tests.HelpPageTest" time="13.653" errors="0" timestamp="25 Jun 2021 06:08:18 GMT" skipped="0">
  <testcase classname="tests.HelpPageTest" name="WhenuserClicks_Technical_Issue_Option" time="13.653"/>
</testsuite> <!-- tests.HelpPageTest -->
