<?xml version="1.0" encoding="UTF-8"?>
<!-- Generated by org.testng.reporters.JUnitReportReporter -->
<testsuite skipped="0" hostname="kanishk3164908" name="tests.SocialMediaHandleTest" tests="1" failures="0" timestamp="05 Jul 2021 07:54:10 GMT" time="15.817" errors="0">
  <testcase name="userClicksFacebookIcon" time="15.817" classname="tests.SocialMediaHandleTest"/>
</testsuite> <!-- tests.SocialMediaHandleTest -->
