<?xml version="1.0" encoding="UTF-8"?>
<!-- Generated by org.testng.reporters.JUnitReportReporter -->
<testsuite skipped="0" hostname="kanishk3164908" name="tests.HomepageTest" tests="5" failures="0" timestamp="05 Jul 2021 05:52:12 GMT" time="40.494" errors="0">
  <testcase name="whenUserClicksOnBusHireLink" time="7.785" classname="tests.HomepageTest"/>
  <testcase name="whenUserClicksOnRedBusLogoLink" time="7.248" classname="tests.HomepageTest"/>
  <testcase name="whenUserClicksOnrpoolLink" time="7.536" classname="tests.HomepageTest"/>
  <testcase name="whenUserClicksOnBusTicketsLink" time="7.817" classname="tests.HomepageTest"/>
  <testcase name="whenUserClicksOnHelp" time="10.108" classname="tests.HomepageTest"/>
</testsuite> <!-- tests.HomepageTest -->
