<?xml version="1.0" encoding="UTF-8"?>
<!-- Generated by org.testng.reporters.JUnitReportReporter -->
<testsuite hostname="kanishk3164908" failures="0" tests="1" name="tests.RPoolFunctionalityTest" time="10.209" errors="0" timestamp="24 Jun 2021 05:49:43 GMT" skipped="0">
  <testcase classname="tests.RPoolFunctionalityTest" name="whenUserClicksOn_FAQ" time="10.209"/>
</testsuite> <!-- tests.RPoolFunctionalityTest -->
