<?xml version="1.0" encoding="UTF-8"?>
<!-- Generated by org.testng.reporters.JUnitReportReporter -->
<testsuite hostname="kanishk3164908" failures="0" tests="1" name="tests.LoginTest" time="15.604" errors="0" timestamp="24 Jun 2021 09:41:40 GMT" skipped="0">
  <testcase classname="tests.LoginTest" name="whenUserGoogleSignIn" time="15.604"/>
</testsuite> <!-- tests.LoginTest -->
