<?xml version="1.0" encoding="UTF-8"?>
<!-- Generated by org.testng.reporters.JUnitReportReporter -->
<testsuite skipped="0" hostname="kanishk3164908" name="tests.AboutRedBusTest" tests="5" failures="0" timestamp="02 Jul 2021 08:56:56 GMT" time="52.353" errors="0">
  <testcase name="whenUserClicksOnOffers" time="10.755" classname="tests.AboutRedBusTest"/>
  <testcase name="whenUserClicksOnredbusMobile" time="10.500" classname="tests.AboutRedBusTest"/>
  <testcase name="whenUserClicksOnContactUs" time="10.287" classname="tests.AboutRedBusTest"/>
  <testcase name="whenUserClicksOnAboutUs" time="10.307" classname="tests.AboutRedBusTest"/>
  <testcase name="whenUserClicksOnSitemap" time="10.504" classname="tests.AboutRedBusTest"/>
</testsuite> <!-- tests.AboutRedBusTest -->
