<?xml version="1.0" encoding="UTF-8"?>
<!-- Generated by org.testng.reporters.JUnitReportReporter -->
<testsuite skipped="0" hostname="kanishk3164908" name="tests.RPoolFunctionalityTest" tests="5" failures="0" timestamp="05 Jul 2021 05:45:39 GMT" time="46.378" errors="0">
  <testcase name="whenUserClicksOnCorporatePlus" time="11.068" classname="tests.RPoolFunctionalityTest"/>
  <testcase name="whenUserClicksOn_FAQ" time="7.509" classname="tests.RPoolFunctionalityTest"/>
  <testcase name="whenUserClicksOn_What_is_rPool" time="8.442" classname="tests.RPoolFunctionalityTest"/>
  <testcase name="whenUserClicksOnCustomerReview" time="11.452" classname="tests.RPoolFunctionalityTest"/>
  <testcase name="whenUserClicksOn_Rpool_for_rwa" time="7.907" classname="tests.RPoolFunctionalityTest"/>
</testsuite> <!-- tests.RPoolFunctionalityTest -->
