<?xml version="1.0" encoding="UTF-8"?>
<!-- Generated by org.testng.reporters.JUnitReportReporter -->
<testsuite skipped="0" hostname="kanishk3164908" name="tests.HomepageTest" tests="1" failures="0" timestamp="04 Jul 2021 06:59:29 GMT" time="14.232" errors="0">
  <testcase name="whenUserClicksOnrpoolLink" time="14.232" classname="tests.HomepageTest"/>
</testsuite> <!-- tests.HomepageTest -->
