<?xml version="1.0" encoding="UTF-8"?>
<!-- Generated by org.testng.reporters.JUnitReportReporter -->
<testsuite skipped="0" hostname="kanishk3164908" name="tests.HelpPageTest" tests="1" failures="0" timestamp="05 Jul 2021 12:17:10 GMT" time="18.871" errors="0">
  <testcase name="WhenuserClicks_safety_Feature" time="18.871" classname="tests.HelpPageTest"/>
</testsuite> <!-- tests.HelpPageTest -->
