<?xml version="1.0" encoding="UTF-8"?>
<!-- Generated by org.testng.reporters.JUnitReportReporter -->
<testsuite hostname="kanishk3164908" failures="0" tests="1" name="tests.SearchBusTest" time="8.728" errors="0" timestamp="25 Jun 2021 06:27:38 GMT" skipped="1">
  <testcase classname="tests.SearchBusTest" name="validSourceValidDestination" time="8.728">
    <skipped/>
  </testcase> <!-- validSourceValidDestination -->
</testsuite> <!-- tests.SearchBusTest -->
