<?xml version="1.0" encoding="UTF-8"?>
<!-- Generated by org.testng.reporters.JUnitReportReporter -->
<testsuite skipped="0" hostname="kanishk3164908" name="tests.HomepageTest" tests="1" failures="0" timestamp="01 Jul 2021 05:18:48 GMT" time="12.328" errors="0">
  <testcase name="whenUserClicksOnHelp" time="12.328" classname="tests.HomepageTest"/>
</testsuite> <!-- tests.HomepageTest -->
