<?xml version="1.0" encoding="UTF-8"?>
<!-- Generated by org.testng.reporters.JUnitReportReporter -->
<testsuite hostname="kanishk3164908" failures="0" tests="1" name="tests.HomepageTest" time="10.152" errors="0" timestamp="23 Jun 2021 13:06:29 GMT" skipped="0">
  <testcase classname="tests.HomepageTest" name="whenUserClicksOnHelp" time="10.152"/>
</testsuite> <!-- tests.HomepageTest -->
