<?xml version="1.0" encoding="UTF-8"?>
<!-- Generated by org.testng.reporters.JUnitReportReporter -->
<testsuite hostname="kanishk3164908" failures="0" tests="1" name="tests.HomepageTest" time="11.793" errors="0" timestamp="26 Jun 2021 07:17:26 GMT" skipped="0">
  <testcase classname="tests.HomepageTest" name="whenUserClicksOnrpoolLink" time="11.793"/>
</testsuite> <!-- tests.HomepageTest -->
