<?xml version="1.0" encoding="UTF-8"?>
<!-- Generated by org.testng.reporters.JUnitReportReporter -->
<testsuite hostname="kanishk3164908" failures="0" tests="1" name="tests.BusHirePageTest" time="29.218" errors="0" timestamp="25 Jun 2021 10:32:11 GMT" skipped="0">
  <testcase classname="tests.BusHirePageTest" name="whenUserDoesNotEnterToLocationForOutstation" time="29.218"/>
</testsuite> <!-- tests.BusHirePageTest -->
