<?xml version="1.0" encoding="UTF-8"?>
<!-- Generated by org.testng.reporters.JUnitReportReporter -->
<testsuite hostname="kanishk3164908" failures="0" tests="2" name="tests.SocialMediaHandleTest" time="50.117" errors="0" timestamp="25 Jun 2021 05:36:26 GMT" skipped="0">
  <testcase classname="tests.SocialMediaHandleTest" name="userClicksFacebookIcon" time="23.826"/>
  <testcase classname="tests.SocialMediaHandleTest" name="userClicksTwitterIcon" time="26.291"/>
</testsuite> <!-- tests.SocialMediaHandleTest -->
