<?xml version="1.0" encoding="UTF-8"?>
<!-- Generated by org.testng.reporters.JUnitReportReporter -->
<testsuite skipped="0" hostname="kanishk3164908" name="tests.BusHirePageTest" tests="5" failures="0" timestamp="05 Jul 2021 05:52:12 GMT" time="117.275" errors="0">
  <testcase name="whenUserDoesNotEnterFromLocationForOutstation" time="30.928" classname="tests.BusHirePageTest"/>
  <testcase name="whenUserDoesNotEnterToLocationForOutstation" time="29.543" classname="tests.BusHirePageTest"/>
  <testcase name="whenUserEntersValidInformationForOutstation" time="31.719" classname="tests.BusHirePageTest"/>
  <testcase name="whenUserClickedOnLocalMenu" time="13.905" classname="tests.BusHirePageTest"/>
  <testcase name="whenUserClickedOnAirportMenu" time="11.180" classname="tests.BusHirePageTest"/>
</testsuite> <!-- tests.BusHirePageTest -->
